<?xml version="1.0" encoding="UTF-8"?>
<!-- Generated by org.testng.reporters.JUnitXMLReporter -->
<testsuite hostname="hp-HP" name="Default test" tests="4" failures="0" timestamp="22 Dec 2016 03:53:15 GMT" time="49.406" errors="0">
  <testcase name="validateHomePage" time="10.262" classname="com.vmetry.ntltaxi.testcases.HomePageTest"/>
  <testcase name="validateHomePage" time="5.75" classname="com.vmetry.ntltaxi.testcases.HomePageTest"/>
  <testcase name="validateHomePage" time="2.734" classname="com.vmetry.ntltaxi.testcases.HomePageTest"/>
  <testcase name="validateHomePage" time="2.062" classname="com.vmetry.ntltaxi.testcases.HomePageTest"/>
</testsuite> <!-- Default test -->
